\BOOKMARK [1][-]{appendix.A}{Ambito e Scopo del documento e del progetto}{}% 1
\BOOKMARK [1][-]{appendix.B}{Acronimi e Glossario}{}% 2
\BOOKMARK [2][-]{subsection.B.1}{Acronimi}{appendix.B}% 3
\BOOKMARK [2][-]{subsection.B.2}{Glossario}{appendix.B}% 4
\BOOKMARK [1][-]{appendix.C}{Documenti utilizzati}{}% 5
\BOOKMARK [1][-]{appendix.D}{Gap Analysis}{}% 6
\BOOKMARK [1][-]{appendix.E}{Modello degli oggetti organizzativi \(Business Object Model\)}{}% 7
\BOOKMARK [2][-]{subsection.E.1}{Analisi di Dominio - Slide 13}{appendix.E}% 8
\BOOKMARK [1][-]{appendix.F}{Elenco dei requisiti funzionali e informativi}{}% 9
\BOOKMARK [2][-]{subsection.F.1}{Req.1 - Gestione documento}{appendix.F}% 10
\BOOKMARK [2][-]{subsection.F.2}{Req.2 - Caricamento file utilizzabile nel documento}{appendix.F}% 11
\BOOKMARK [2][-]{subsection.F.3}{Req.3 - Gestione di gruppi di utenti}{appendix.F}% 12
\BOOKMARK [2][-]{subsection.F.4}{Req.4 - Gestione dei permessi sul documento}{appendix.F}% 13
\BOOKMARK [2][-]{subsection.F.5}{Req.5 - Gestione delle versioni di un documento}{appendix.F}% 14
\BOOKMARK [2][-]{subsection.F.6}{Req.6 - Gestione delle versioni di un file}{appendix.F}% 15
\BOOKMARK [1][-]{appendix.G}{Casi d'uso e di interazione}{}% 16
\BOOKMARK [2][-]{subsection.G.1}{CASO1}{appendix.G}% 17
\BOOKMARK [3][-]{subsubsection.G.1.1}{CASO1 - Obiettivo}{subsection.G.1}% 18
\BOOKMARK [3][-]{subsubsection.G.1.2}{CASO1 - Descrizione ordinata e dettagliata interazione fra Utenti o Utenti-Sistema}{subsection.G.1}% 19
\BOOKMARK [3][-]{subsubsection.G.1.3}{CASO1 - Scenari}{subsection.G.1}% 20
\BOOKMARK [3][-]{subsubsection.G.1.4}{CASO1 - Diagrammi}{subsection.G.1}% 21
\BOOKMARK [1][-]{appendix.H}{Descrizione di un processo notevole di interazione}{}% 22
\BOOKMARK [2][-]{subsection.H.1}{Modello/diagramma dinamico \(processo e di collaborazione\)}{appendix.H}% 23
\BOOKMARK [1][-]{appendix.I}{Diagramma}{}% 24
\BOOKMARK [2][-]{subsection.I.1}{di Struttura}{appendix.I}% 25
\BOOKMARK [3][-]{subsubsection.I.1.1}{static structure diagram}{subsection.I.1}% 26
\BOOKMARK [3][-]{subsubsection.I.1.2}{entity diagram}{subsection.I.1}% 27
\BOOKMARK [3][-]{subsubsection.I.1.3}{class diagram}{subsection.I.1}% 28
\BOOKMARK [3][-]{subsubsection.I.1.4}{activity diagram / behavior}{subsection.I.1}% 29
\BOOKMARK [3][-]{subsubsection.I.1.5}{BPMN}{subsection.I.1}% 30
\BOOKMARK [1][-]{appendix.J}{Appendici}{}% 31
\BOOKMARK [2][-]{subsection.J.1}{diagrammi di sequenza}{appendix.J}% 32
\BOOKMARK [2][-]{subsection.J.2}{collaboration diagram}{appendix.J}% 33
\BOOKMARK [3][-]{subsubsection.J.2.1}{entity diagram + scambi di messaggio}{subsection.J.2}% 34
